
> frontend@0.1.0 dev
> next dev --turbopack

   ▲ Next.js 15.4.6 (Turbopack)
   - Local:        http://localhost:3000
   - Network:      http://192.168.15.187:3000

 ✓ Starting...
 ✓ Ready in 741ms
 ○ Compiling / ...
 ✓ Compiled / in 4.6s
 GET / 200 in 4976ms
Lit is in dev mode. Not recommended for production! See https://lit.dev/msg/dev-mode for more information.
[Reown Config] Failed to fetch remote project configuration. Using local/default values. Error: HTTP status code: 403
    at fetchData (../../../../src/utils/FetchUtil.ts:23:16)
    at async FetchUtil.get (../../../../src/utils/FetchUtil.ts:44:21)
    at async Object.fetchProjectConfig (../../../../src/controllers/ApiController.ts:158:21)
    at async Object.fetchRemoteFeatures (../../../../src/utils/ConfigUtil.ts:233:25)
    at async AppKit.initialize (../../../../src/client/appkit-base-client.ts:165:26) {
  [cause]: Response {
    status: 403,
    statusText: 'Forbidden',
    headers: Headers {
      date: 'Thu, 07 Aug 2025 19:06:51 GMT',
      'content-type': 'text/plain; charset=UTF-8',
      'content-length': '9',
      connection: 'keep-alive',
      'cf-ray': '96b90db46d2fa026-GIG',
      'access-control-allow-origin': '*',
      'cache-control': 'public, max-age=300, s-maxage=300',
      'cf-placement': 'remote-ATL',
      vary: 'Accept-Encoding',
      server: 'cloudflare',
      'alt-svc': 'h3=":443"; ma=86400'
    },
    body: undefined,
    bodyUsed: false,
    ok: false,
    redirected: false,
    type: 'default',
    url: 'https://api.web3modal.org/appkit/v1/config?projectId=dico-platform-default&st=appkit&sv=html-core-1.7.8'
  }
}
 GET / 200 in 52ms
 GET / 200 in 97ms
 HEAD / 200 in 114ms
 ○ Compiling /favicon.ico ...
 GET /favicon.ico?favicon.45db1c09.ico 200 in 760ms
 ✓ Compiled /favicon.ico in 1987ms
 GET /%F0%9F%92%B0 404 in 2067ms
 GET /%F0%9F%8E%AE 404 in 2070ms
 GET /%F0%9F%8C%B1 404 in 2072ms
 GET /favicon.ico?favicon.45db1c09.ico 200 in 224ms
 GET / 200 in 119ms
 GET /%F0%9F%92%B0 404 in 139ms
 GET /favicon.ico?favicon.45db1c09.ico 200 in 313ms
 GET /%F0%9F%8C%B1 404 in 191ms
 GET /%F0%9F%8E%AE 404 in 196ms
 HEAD / 200 in 114ms
 GET /favicon.ico?favicon.45db1c09.ico 200 in 262ms
 ○ Compiling /project/[id] ...
 ✓ Compiled /project/[id] in 1442ms
 GET /project/3 200 in 570ms
 GET /project/3 200 in 190ms
 GET /favicon.ico?favicon.45db1c09.ico 200 in 280ms
 HEAD /project/3 200 in 81ms
 GET / 200 in 88ms
 GET /%F0%9F%8E%AE 404 in 190ms
 GET /%F0%9F%92%B0 404 in 213ms
 GET /%F0%9F%8C%B1 404 in 221ms
 HEAD / 200 in 141ms
 GET /project/3 200 in 88ms
 GET /favicon.ico?favicon.45db1c09.ico 200 in 261ms
 HEAD /project/3 200 in 64ms
 GET / 200 in 86ms
 GET /%F0%9F%8C%B1 404 in 229ms
 GET /%F0%9F%92%B0 404 in 230ms
 GET /%F0%9F%8E%AE 404 in 252ms
 HEAD / 200 in 176ms
